
custom (3d) loaded - starting...

config\3d_grid.bsh (The system cannot find the file specified)
no asserts, used for code coverage.

GraphIt.x3d generated, from Engine0, for solution #0
no asserts, used for visual edu.generalpuzzle.test with SwirlViewer.

GraphIt.x3d generated, from Engine0, for solution #0
no asserts, used for visual edu.generalpuzzle.test with SwirlViewer.

GraphIt.x3d generated, from Engine0, for solution #0
no asserts, used for visual edu.generalpuzzle.test with SwirlViewer.
initializing engine3
error: no unique is used
error: default gridPart

Solution #1

Parts order  A0 B0

 A B A B

 A B
 A B

Solution #2

Parts order  A1 B1

 A A B B

 A A
 B B

Solution #3

Parts order  B0 A0

 B A B A

 B A
 B A

Solution #4

Parts order  B1 A1

 B B A A

 B B
 A A

Engine3 - DONE


BT:  B1 A1
elapsed time 7 seconds
number of solutions 4 
tried 8 parts
main

	level 0 - branches 4 	% 50 	per branch 1
	level 1 - branches 4 	% 50 	per branch 1
	total branches - 8

initializing engine4
error: you should choose other unique
error: default gridPart

Solution #1

Parts order  A0 B0 C0 D0

 A B C D

 A B C D

Solution #2

Parts order  A0 B0 D0 C0

 A B D C

 A B D C

Solution #3

Parts order  A0 C0 B0 D0

 A C B D

 A C B D

Solution #4

Parts order  A0 C0 D0 B0

 A C D B

 A C D B

Solution #5

Parts order  A0 D0 B0 C0

 A D B C

 A D B C

Solution #6

Parts order  A0 D0 C0 B0

 A D C B

 A D C B

Solution #7

Parts order  B0 A0 C0 D0

 B A C D

 B A C D

Solution #8

Parts order  B0 A0 D0 C0

 B A D C

 B A D C

Solution #9

Parts order  B0 C0 A0 D0

 B C A D

 B C A D

Solution #10

Parts order  B0 C0 D0 A0

 B C D A

 B C D A

Solution #11

Parts order  B0 D0 A0 C0

 B D A C

 B D A C

Solution #12

Parts order  B0 D0 C0 A0

 B D C A

 B D C A

Solution #13

Parts order  C0 A0 B0 D0

 C A B D

 C A B D

Solution #14

Parts order  C0 A0 D0 B0

 C A D B

 C A D B

Solution #15

Parts order  C0 B0 A0 D0

 C B A D

 C B A D

Solution #16

Parts order  C0 B0 D0 A0

 C B D A

 C B D A

Solution #17

Parts order  C0 D0 A0 B0

 C D A B

 C D A B

Solution #18

Parts order  C0 D0 B0 A0

 C D B A

 C D B A

Solution #19

Parts order  D0 A0 B0 C0

 D A B C

 D A B C

Solution #20

Parts order  D0 A0 C0 B0

 D A C B

 D A C B

Solution #21

Parts order  D0 B0 A0 C0

 D B A C

 D B A C

Solution #22

Parts order  D0 B0 C0 A0

 D B C A

 D B C A

Solution #23

Parts order  D0 C0 A0 B0

 D C A B

 D C A B

Solution #24

Parts order  D0 C0 B0 A0

 D C B A

 D C B A

Engine4 - DONE


BT:  D0 C0 B0 A0
elapsed time 44 seconds
number of solutions 24 
tried 64 parts
main

	level 0 - branches 4 	% 6 	per branch 1
	level 1 - branches 12 	% 18 	per branch 1
	level 2 - branches 24 	% 37 	per branch 1
	level 3 - branches 24 	% 37 	per branch 1
	total branches - 64

