
save supported: false

args 2d_bedlam

note: assertsDisabled

error: myPzl.properties not found - using defaults.

custom (2d_bedlam) loaded - starting...

Part A 5 cells: A #0 edges [ RIGHT:1>>1] A #1 edges [ LEFT:0>>0 RIGHT:1>>2 DOWN:3>>4] A #2 edges [ LEFT:0>>1 UP:2>>3] A #3 edges [ DOWN:3>>2] A #4 edges [ UP:2>>1]  rotations: 24
Part B 5 cells: B #0 edges [ DOWN:3>>2] B #1 edges [ RIGHT:1>>2] B #2 edges [ LEFT:0>>1 RIGHT:1>>3 UP:2>>0 DOWN:3>>4] B #3 edges [ LEFT:0>>2] B #4 edges [ UP:2>>2]  rotations: 3
Part C 5 cells: C #0 edges [ DOWN:3>>2] C #1 edges [ RIGHT:1>>2 DOWN:3>>4] C #2 edges [ LEFT:0>>1 UP:2>>0] C #3 edges [ RIGHT:1>>4] C #4 edges [ LEFT:0>>3 UP:2>>1]  rotations: 12
Part D 5 cells: D #0 edges [ RIGHT:1>>1 UP:2>>3] D #1 edges [ LEFT:0>>0 DOWN:3>>2] D #2 edges [ UP:2>>1] D #3 edges [ DOWN:3>>0 FRONT:4>>4] D #4 edges [ BACK:5>>3]  rotations: 24
Part E 5 cells: E #0 edges [ DOWN:3>>1] E #1 edges [ RIGHT:1>>2 UP:2>>0 DOWN:3>>3 FRONT:4>>4] E #2 edges [ LEFT:0>>1] E #3 edges [ UP:2>>1] E #4 edges [ BACK:5>>1]  rotations: 12
Part G 5 cells: G #0 edges [ DOWN:3>>1] G #1 edges [ UP:2>>0 DOWN:3>>2 FRONT:4>>3] G #2 edges [ UP:2>>1] G #3 edges [ RIGHT:1>>4 BACK:5>>1] G #4 edges [ LEFT:0>>3]  rotations: 24
Part H 5 cells: H #0 edges [ DOWN:3>>1] H #1 edges [ UP:2>>0 DOWN:3>>2] H #2 edges [ RIGHT:1>>3 UP:2>>1 FRONT:4>>4] H #3 edges [ LEFT:0>>2] H #4 edges [ BACK:5>>2]  rotations: 24
Part I 5 cells: I #0 edges [ DOWN:3>>1 FRONT:4>>3] I #1 edges [ UP:2>>0 DOWN:3>>2] I #2 edges [ RIGHT:1>>4 UP:2>>1] I #3 edges [ BACK:5>>0] I #4 edges [ LEFT:0>>2]  rotations: 12
Part J 5 cells: J #0 edges [ RIGHT:1>>3 DOWN:3>>1] J #1 edges [ UP:2>>0 DOWN:3>>2] J #2 edges [ UP:2>>1] J #3 edges [ LEFT:0>>0 FRONT:4>>4] J #4 edges [ BACK:5>>3]  rotations: 24
Part K 5 cells: K #0 edges [ DOWN:3>>1] K #1 edges [ UP:2>>0 BACK:5>>2] K #2 edges [ RIGHT:1>>3 FRONT:4>>1] K #3 edges [ LEFT:0>>2 DOWN:3>>4] K #4 edges [ UP:2>>3]  rotations: 12
Part L 5 cells: L #0 edges [ DOWN:3>>1] L #1 edges [ UP:2>>0 DOWN:3>>2 FRONT:4>>4] L #2 edges [ RIGHT:1>>3 UP:2>>1] L #3 edges [ LEFT:0>>2] L #4 edges [ BACK:5>>1]  rotations: 24
Part M 4 cells: M #0 edges [ DOWN:3>>1] M #1 edges [ RIGHT:1>>2 UP:2>>0] M #2 edges [ LEFT:0>>1 FRONT:4>>3] M #3 edges [ BACK:5>>2]  rotations: 12
Part F 5 cells: F #0 edges [ DOWN:3>>1] F #1 edges [ RIGHT:1>>3 UP:2>>0 FRONT:4>>2] F #2 edges [ BACK:5>>1] F #3 edges [ LEFT:0>>1 DOWN:3>>4] F #4 edges [ UP:2>>3]  rotations: 24 <- unique

shuffle result: DHLKGBCEAJFMI

solving Type: edu.generalpuzzle.examples.cube.dimension3.CellPart3D
parts: 13
grid cells: 64

custom loaded - successfully

AUTO_DEBUG: false
initializing engine0

Part F 5 cells: F #0 edges [ DOWN:3>>1] F #1 edges [ RIGHT:1>>3 UP:2>>0 FRONT:4>>2] F #2 edges [ BACK:5>>1] F #3 edges [ LEFT:0>>1 DOWN:3>>4] F #4 edges [ UP:2>>3]  rotations: 1 <- unique, after processing

initializing engine1
initializing engine2
initializing engine3
initializing engine4
initializing engine5
initializing engine6
initializing engine7
initializing engine8
initializing engine9
initializing engine10
initializing engine11
initializing engine12


args - total solutions

not found (for time estimations)


GraphIt.x3d generated, from Engine0, for solution #0

timeTo1st: 0.877

1st solution statistics

13 parts, 'working' on 0..0
DL: split 1/379 - F0,1 Dk,0 B2,13 
elapsed time 878 seconds
number of unique solutions 1 
tried 0 parts
pool-1-thread-1

	level 0 - branches 1 	% 0 	per branch 128352
	level 1 - branches 18 	% 0 	per branch 61089
	level 2 - branches 346 	% 5 	per branch 35566
	level 3 - branches 4,935 	% 73 	per branch 2
	level 4 - branches 1 	% 0 	per branch 1146
	level 5 - branches 8 	% 0 	per branch 1779
	level 6 - branches 49 	% 0 	per branch 1276
	level 7 - branches 164 	% 2 	per branch 764
	level 8 - branches 348 	% 5 	per branch 443
	level 9 - branches 473 	% 7 	per branch 292
	level 10 - branches 294 	% 4 	per branch 184
	level 11 - branches 94 	% 1 	per branch 86
	level 12 - branches 8 	% 0 	per branch 18
	level 13 - branches 1 	% 0 	per branch 0
	total branches - 6,740


Solution #1

Parts order Dk F0 Ad Gh Cb Jc B2 M9 Ib Hl Li K8 E5 

 D F A G D C C G C C J G C B J J F F A A D F G G D D M M B B B J I A A H L F K M L L K M L B E J I K H H I K K H I I E H L E E E

 D D C C
 F D D B
 I L L L
 I I I L

 F C C B
 F F D B
 A F L B
 K K I E

 A C J J
 A G M B
 A K K E
 H K E E

 G G G J
 A G M J
 H M M J
 H H H E

GraphIt - waiting..

GraphIt.x3d generated, from Engine0, for solution #2805

Engine3 - DONE

13 parts, 'working' on 3..3
DL: split 1,517/1,517 - F0,6 B0,27 E5,46 
elapsed time 20,561 seconds
number of unique solutions 256 
tried 1,470,222 parts
pool-1-thread-4

	level 0 - branches 1 	% 0 	per branch 128352
	level 1 - branches 18 	% 0 	per branch 61089
	level 2 - branches 346 	% 0 	per branch 35566
	level 3 - branches 6,451 	% 0 	per branch 847
	level 4 - branches 3,670 	% 0 	per branch 1268
	level 5 - branches 22,374 	% 1 	per branch 955
	level 6 - branches 82,251 	% 5 	per branch 744
	level 7 - branches 203,544 	% 13 	per branch 577
	level 8 - branches 356,310 	% 24 	per branch 440
	level 9 - branches 425,693 	% 28 	per branch 297
	level 10 - branches 273,429 	% 18 	per branch 182
	level 11 - branches 94,165 	% 6 	per branch 87
	level 12 - branches 8,150 	% 0 	per branch 22
	level 13 - branches 256 	% 0 	per branch 0
	total branches - 1,476,658


Engine8 - DONE

13 parts, 'working' on 8..8
DL: split 3,413/3,413 - F0,22 B2,29 Da,27 
elapsed time 19,953 seconds
number of unique solutions 346 
tried 1,158,841 parts
pool-1-thread-4

	level 0 - branches 1 	% 0 	per branch 128352
	level 1 - branches 18 	% 0 	per branch 61089
	level 2 - branches 346 	% 0 	per branch 35566
	level 3 - branches 6,447 	% 0 	per branch 860
	level 4 - branches 3,320 	% 0 	per branch 1083
	level 5 - branches 18,926 	% 1 	per branch 814
	level 6 - branches 64,729 	% 5 	per branch 683
	level 7 - branches 151,555 	% 13 	per branch 553
	level 8 - branches 260,600 	% 22 	per branch 451
	level 9 - branches 332,305 	% 28 	per branch 311
	level 10 - branches 233,397 	% 20 	per branch 188
	level 11 - branches 85,872 	% 7 	per branch 87
	level 12 - branches 7,412 	% 0 	per branch 22
	level 13 - branches 346 	% 0 	per branch 0
	total branches - 1,165,274


Engine0 - DONE

13 parts, 'working' on 0..0
DL: split 379/379 - F0,2 C1,3 Ag,1 
elapsed time 44,378 seconds
number of unique solutions 789 
tried 2,640,922 parts
pool-1-thread-1

	level 0 - branches 1 	% 0 	per branch 128352
	level 1 - branches 18 	% 0 	per branch 61089
	level 2 - branches 346 	% 0 	per branch 35566
	level 3 - branches 6,447 	% 0 	per branch 760
	level 4 - branches 3,613 	% 0 	per branch 1863
	level 5 - branches 24,524 	% 0 	per branch 1306
	level 6 - branches 112,731 	% 4 	per branch 936
	level 7 - branches 304,635 	% 11 	per branch 719
	level 8 - branches 597,698 	% 22 	per branch 520
	level 9 - branches 790,314 	% 29 	per branch 335
	level 10 - branches 572,283 	% 21 	per branch 195
	level 11 - branches 215,957 	% 8 	per branch 88
	level 12 - branches 17,999 	% 0 	per branch 22
	level 13 - branches 789 	% 0 	per branch 0
	total branches - 2,647,355


Engine4 - DONE

13 parts, 'working' on 4..4
DL: split 1,896/1,896 - F0,9 Hb,8 I5,44 
elapsed time 66,360 seconds
number of unique solutions 951 
tried 3,562,787 parts
pool-1-thread-5

	level 0 - branches 1 	% 0 	per branch 128352
	level 1 - branches 18 	% 0 	per branch 61089
	level 2 - branches 346 	% 0 	per branch 35566
	level 3 - branches 6,447 	% 0 	per branch 724
	level 4 - branches 4,055 	% 0 	per branch 2375
	level 5 - branches 29,797 	% 0 	per branch 1560
	level 6 - branches 143,163 	% 4 	per branch 1073
	level 7 - branches 424,950 	% 11 	per branch 779
	level 8 - branches 843,225 	% 23 	per branch 544
	level 9 - branches 1,081,061 	% 30 	per branch 340
	level 10 - branches 750,457 	% 21 	per branch 196
	level 11 - branches 263,499 	% 7 	per branch 87
	level 12 - branches 21,250 	% 0 	per branch 22
	level 13 - branches 951 	% 0 	per branch 0
	total branches - 3,569,220


Engine9 - DONE

13 parts, 'working' on 9..9
DL: split 3,793/3,793 - F0,23 Gf,42 I0,18 
elapsed time 33,319 seconds
number of unique solutions 451 
tried 1,811,623 parts
pool-1-thread-4

	level 0 - branches 1 	% 0 	per branch 128352
	level 1 - branches 18 	% 0 	per branch 61089
	level 2 - branches 346 	% 0 	per branch 35566
	level 3 - branches 6,451 	% 0 	per branch 828
	level 4 - branches 3,721 	% 0 	per branch 1428
	level 5 - branches 23,428 	% 1 	per branch 1087
	level 6 - branches 95,066 	% 5 	per branch 817
	level 7 - branches 247,332 	% 13 	per branch 619
	level 8 - branches 451,716 	% 24 	per branch 456
	level 9 - branches 535,967 	% 29 	per branch 297
	level 10 - branches 337,211 	% 18 	per branch 176
	level 11 - branches 107,521 	% 5 	per branch 83
	level 12 - branches 8,830 	% 0 	per branch 22
	level 13 - branches 451 	% 0 	per branch 0
	total branches - 1,818,059


Engine2 - DONE

13 parts, 'working' on 2..2
DL: split 1,137/1,137 - F0,5 J7,0 Li,4 
elapsed time 79,885 seconds
number of unique solutions 1,610 
tried 4,846,143 parts
pool-1-thread-3

	level 0 - branches 1 	% 0 	per branch 128352
	level 1 - branches 18 	% 0 	per branch 61089
	level 2 - branches 346 	% 0 	per branch 35566
	level 3 - branches 6,447 	% 0 	per branch 761
	level 4 - branches 4,116 	% 0 	per branch 1903
	level 5 - branches 32,169 	% 0 	per branch 1400
	level 6 - branches 158,215 	% 3 	per branch 1023
	level 7 - branches 485,848 	% 10 	per branch 765
	level 8 - branches 1,044,641 	% 21 	per branch 554
	level 9 - branches 1,479,738 	% 30 	per branch 358
	level 10 - branches 1,165,060 	% 24 	per branch 205
	level 11 - branches 435,364 	% 8 	per branch 90
	level 12 - branches 39,003 	% 0 	per branch 22
	level 13 - branches 1,610 	% 0 	per branch 0
	total branches - 4,852,576


Engine5 - DONE

13 parts, 'working' on 5..5
DL: split 2,275/2,275 - F0,11 Lb,9 Ia,4 
elapsed time 82,629 seconds
number of unique solutions 1,026 
tried 3,877,248 parts
pool-1-thread-6

	level 0 - branches 1 	% 0 	per branch 128352
	level 1 - branches 18 	% 0 	per branch 61089
	level 2 - branches 346 	% 0 	per branch 35566
	level 3 - branches 6,447 	% 0 	per branch 734
	level 4 - branches 4,261 	% 0 	per branch 2203
	level 5 - branches 33,773 	% 0 	per branch 1558
	level 6 - branches 161,405 	% 4 	per branch 1071
	level 7 - branches 470,120 	% 12 	per branch 791
	level 8 - branches 930,951 	% 23 	per branch 541
	level 9 - branches 1,183,567 	% 30 	per branch 330
	level 10 - branches 794,179 	% 20 	per branch 189
	level 11 - branches 274,697 	% 7 	per branch 86
	level 12 - branches 22,890 	% 0 	per branch 22
	level 13 - branches 1,026 	% 0 	per branch 0
	total branches - 3,883,681


Engine7 - DONE

13 parts, 'working' on 7..7
DL: split 3,034/3,034 - F0,21 B2,10 C4,15 
elapsed time 100,965 seconds
number of unique solutions 2,012 
tried 5,573,407 parts
pool-1-thread-8

	level 0 - branches 1 	% 0 	per branch 128352
	level 1 - branches 18 	% 0 	per branch 61089
	level 2 - branches 346 	% 0 	per branch 35566
	level 3 - branches 6,447 	% 0 	per branch 730
	level 4 - branches 4,225 	% 0 	per branch 2064
	level 5 - branches 33,975 	% 0 	per branch 1523
	level 6 - branches 173,870 	% 3 	per branch 1087
	level 7 - branches 543,434 	% 9 	per branch 809
	level 8 - branches 1,192,738 	% 21 	per branch 567
	level 9 - branches 1,712,238 	% 30 	per branch 354
	level 10 - branches 1,342,294 	% 24 	per branch 201
	level 11 - branches 523,106 	% 9 	per branch 88
	level 12 - branches 45,136 	% 0 	per branch 22
	level 13 - branches 2,012 	% 0 	per branch 0
	total branches - 5,579,840


Engine10 - DONE

13 parts, 'working' on 10..10
DL: split 4,172/4,172 - F0,26 Dj,38 Hd,27 
elapsed time 57,081 seconds
number of unique solutions 889 
tried 3,311,249 parts
pool-1-thread-1

	level 0 - branches 1 	% 0 	per branch 128352
	level 1 - branches 18 	% 0 	per branch 61089
	level 2 - branches 346 	% 0 	per branch 35566
	level 3 - branches 6,447 	% 0 	per branch 744
	level 4 - branches 3,897 	% 0 	per branch 2095
	level 5 - branches 28,166 	% 0 	per branch 1463
	level 6 - branches 130,761 	% 3 	per branch 1029
	level 7 - branches 387,250 	% 11 	per branch 778
	level 8 - branches 781,536 	% 23 	per branch 539
	level 9 - branches 1,003,962 	% 30 	per branch 338
	level 10 - branches 704,705 	% 21 	per branch 196
	level 11 - branches 248,371 	% 7 	per branch 88
	level 12 - branches 21,333 	% 0 	per branch 22
	level 13 - branches 889 	% 0 	per branch 0
	total branches - 3,317,682


Engine6 - DONE

13 parts, 'working' on 6..6
DL: split 2,655/2,655 - F0,18 H5,35 Eb,36 
elapsed time 112,871 seconds
number of unique solutions 2,419 
tried 6,257,048 parts
pool-1-thread-7

	level 0 - branches 1 	% 0 	per branch 128352
	level 1 - branches 18 	% 0 	per branch 61089
	level 2 - branches 346 	% 0 	per branch 35566
	level 3 - branches 6,451 	% 0 	per branch 716
	level 4 - branches 4,701 	% 0 	per branch 2356
	level 5 - branches 37,944 	% 0 	per branch 1593
	level 6 - branches 197,014 	% 3 	per branch 1118
	level 7 - branches 629,826 	% 10 	per branch 814
	level 8 - branches 1,359,839 	% 21 	per branch 559
	level 9 - branches 1,903,994 	% 30 	per branch 353
	level 10 - branches 1,479,874 	% 23 	per branch 204
	level 11 - branches 587,611 	% 9 	per branch 90
	level 12 - branches 53,446 	% 0 	per branch 22
	level 13 - branches 2,419 	% 0 	per branch 0
	total branches - 6,263,484


Engine1 - DONE

13 parts, 'working' on 1..1
DL: split 758/758 - F0,3 Jg,34 B1,6 
elapsed time 115,678 seconds
number of unique solutions 4,058 
tried 8,067,604 parts
pool-1-thread-2

	level 0 - branches 1 	% 0 	per branch 128352
	level 1 - branches 18 	% 0 	per branch 61089
	level 2 - branches 346 	% 0 	per branch 35566
	level 3 - branches 6,447 	% 0 	per branch 729
	level 4 - branches 4,249 	% 0 	per branch 2167
	level 5 - branches 35,289 	% 0 	per branch 1549
	level 6 - branches 189,247 	% 2 	per branch 1119
	level 7 - branches 650,107 	% 8 	per branch 833
	level 8 - branches 1,584,389 	% 19 	per branch 585
	level 9 - branches 2,499,061 	% 30 	per branch 366
	level 10 - branches 2,149,471 	% 26 	per branch 207
	level 11 - branches 869,236 	% 10 	per branch 90
	level 12 - branches 82,118 	% 1 	per branch 23
	level 13 - branches 4,058 	% 0 	per branch 0
	total branches - 8,074,037


Engine11 - DONE

13 parts, 'working' on 11..11
DL: split 4,551/4,551 - F0,27 B2,18 M9,38 
elapsed time 56,219 seconds
number of unique solutions 1,727 
tried 3,984,625 parts
pool-1-thread-5

	level 0 - branches 1 	% 0 	per branch 128352
	level 1 - branches 18 	% 0 	per branch 61089
	level 2 - branches 346 	% 0 	per branch 35566
	level 3 - branches 6,447 	% 0 	per branch 780
	level 4 - branches 3,706 	% 0 	per branch 1734
	level 5 - branches 25,780 	% 0 	per branch 1246
	level 6 - branches 118,609 	% 2 	per branch 930
	level 7 - branches 353,455 	% 8 	per branch 734
	level 8 - branches 786,942 	% 19 	per branch 554
	level 9 - branches 1,208,547 	% 30 	per branch 359
	level 10 - branches 1,029,949 	% 25 	per branch 205
	level 11 - branches 418,224 	% 10 	per branch 89
	level 12 - branches 37,307 	% 0 	per branch 22
	level 13 - branches 1,727 	% 0 	per branch 0
	total branches - 3,991,058


Engine12 - DONE

13 parts, 'working' on 12..12
DL: split 4,931/4,931 - F0,27 B0,25 I5,44 
elapsed time 58,672 seconds
number of unique solutions 2,652 
tried 5,623,774 parts
pool-1-thread-4

	level 0 - branches 1 	% 0 	per branch 128352
	level 1 - branches 18 	% 0 	per branch 61089
	level 2 - branches 346 	% 0 	per branch 35566
	level 3 - branches 6,451 	% 0 	per branch 779
	level 4 - branches 3,814 	% 0 	per branch 1615
	level 5 - branches 28,197 	% 0 	per branch 1263
	level 6 - branches 129,890 	% 2 	per branch 1009
	level 7 - branches 428,822 	% 7 	per branch 794
	level 8 - branches 1,054,005 	% 18 	per branch 581
	level 9 - branches 1,746,828 	% 31 	per branch 369
	level 10 - branches 1,532,154 	% 27 	per branch 209
	level 11 - branches 637,958 	% 11 	per branch 91
	level 12 - branches 59,074 	% 1 	per branch 22
	level 13 - branches 2,652 	% 0 	per branch 0
	total branches - 5,630,210

total 855 seconds
2d_bedlam, , 64, 13, 208, 208, 19186, 24, MC+SZ+ST, 52191929, 0.877, 132.522,  D F A G D C C G C C J G C B J J F F A A D F G G D D M M B B B J I A A H L F K M L L K M L B E J I K H H I K K H I I E H L E E E, Dk F0 Ad Gh Cb Jc B2 M9 Ib Hl Li K8 E5 , 7/3/2022

number of unique solutions 19,186 
tried 52,191,929 parts

symmetries: 24 ==>
number of total solutions 460,464

NOT FINISHED (maybe)


DONE
